======================================================================
Exp64-granular 1->2->3 escalation — RUN
cells=17 k_max=3 shots=256 maxiter=20
metric = paired lift_byk [k1, k2(best-of-2 NEW), k3]; policy capture LOO-CV
======================================================================
--- EDGES_20: max_cut=26 ---
  seed=42 cold=0.6474 p3[0.629,0.607,0.657] bestfirst[0, 0, 2] warm[0.669,0.669,0.649] lift[+0.021,+0.021,+0.001] (3473s)
  seed=43 cold=0.6046 p3[0.613,0.614,0.591] bestfirst[0, 1, 1] warm[0.677,0.616,0.616] lift[+0.072,+0.012,+0.012] (3460s)
  seed=44 cold=0.6101 p3[0.573,0.670,0.686] bestfirst[0, 1, 2] warm[0.581,0.673,0.680] lift[-0.029,+0.062,+0.070] (4165s)
  seed=45 cold=0.6367 p3[0.589,0.684,0.651] bestfirst[0, 1, 1] warm[0.663,0.686,0.686] lift[+0.026,+0.049,+0.049] (3470s)
  seed=46 cold=0.6442 p3[0.613,0.649,0.670] bestfirst[0, 1, 2] warm[0.618,0.671,0.666] lift[-0.026,+0.027,+0.022] (4168s)
  seed=47 cold=0.6627 p3[0.663,0.598,0.599] bestfirst[0, 0, 0] warm[0.673,0.673,0.673] lift[+0.011,+0.011,+0.011] (3017s)
  seed=48 cold=0.6088 p3[0.587,0.685,0.669] bestfirst[0, 1, 1] warm[0.585,0.685,0.685] lift[-0.024,+0.076,+0.076] (3458s)
  seed=49 cold=0.5873 p3[0.581,0.591,0.658] bestfirst[0, 1, 2] warm[0.620,0.600,0.668] lift[+0.032,+0.013,+0.080] (4153s)
--- rand_seed101: max_cut=26 ---
  seed=42 cold=0.7052 p3[0.587,0.587,0.569] bestfirst[0, 0, 0] warm[0.594,0.594,0.594] lift[-0.112,-0.112,-0.112] (2698s)
  seed=43 cold=0.5996 p3[0.616,0.594,0.634] bestfirst[0, 0, 2] warm[0.731,0.731,0.732] lift[+0.132,+0.132,+0.133] (3374s)
  seed=44 cold=0.6478 p3[0.577,0.745,0.761] bestfirst[0, 1, 2] warm[0.588,0.741,0.765] lift[-0.059,+0.093,+0.117] (4048s)
--- rand_seed202: max_cut=25 ---
  seed=42 cold=0.6078 p3[0.643,0.614,0.605] bestfirst[0, 0, 0] warm[0.701,0.701,0.701] lift[+0.093,+0.093,+0.093] (2757s)
  seed=43 cold=0.6189 p3[0.623,0.617,0.611] bestfirst[0, 0, 0] warm[0.640,0.640,0.640] lift[+0.021,+0.021,+0.021] (2758s)
  seed=44 cold=0.6566 p3[0.610,0.713,0.710] bestfirst[0, 1, 1] warm[0.602,0.714,0.714] lift[-0.054,+0.057,+0.057] (3445s)
--- rand_seed303: max_cut=26 ---
  seed=42 cold=0.6148 p3[0.661,0.601,0.669] bestfirst[0, 0, 2] warm[0.665,0.665,0.668] lift[+0.050,+0.050,+0.053] (3441s)
  seed=43 cold=0.6052 p3[0.611,0.580,0.581] bestfirst[0, 0, 0] warm[0.653,0.653,0.653] lift[+0.048,+0.048,+0.048] (2752s)
  seed=44 cold=0.6131 p3[0.544,0.658,0.686] bestfirst[0, 1, 2] warm[0.575,0.658,0.686] lift[-0.039,+0.045,+0.073] (4135s)

======================================================================
SUMMARY — Exp64-granular 1->2->3 escalation, N=17 cells
======================================================================
  GRANULAR  LOO capture=+0.9596  mean k_used=1.706  k_dist={1: 8, 2: 6, 3: 3}
  BINARY    LOO capture=+1.0345  mean k_used=2.059  k_dist={1: 8, 3: 9}
  cells where policies differ (a_1<tau<=a_2): 6/17
  capture-per-k:  granular=+0.5625  binary=+0.5025
  granular bootstrap95 capture CI = (0.71753401964772, 1.2525630843534974)

  -- PRE-REGISTERED PREDICTIONS (graded by letter) --
     P1 granular saves compute (mk_g<mk_b): 1.706<2.059 -> TRUE
     P2 capture>=0.80: 0.9596 -> TRUE
     P3 Pareto-efficient (eff_g>eff_b): 0.5625>0.5025 -> TRUE
     P4 beats cost-matched random f=0.353: 0.9596>0.353 -> TRUE

  Wrote /mnt/droid/repos/quantum/scripts/../experiments/exp64_granular_results.json
