================================================================
Exp54 Warm-Start QAOA — FULL | arms=['A'] | seeds=[42, 43, 44, 45, 46, 47, 48, 49, 50, 51] | shots=1024
Threshold=0.64 | p5 cold-start baseline (Exp53)=0.667
================================================================
  p=3: transpiled depth=241
  p=5: transpiled depth=363
  [reset] checkpoint was mode=SMOKE arms=['A', 'B'] != this run mode=FULL arms=['A'] — not resuming; backed up to /mnt/droid/repos/quantum/scripts/../results/exp54_checkpoint.json.stale-SMOKE-AB.bak
  seed=42 p3-base ratio=0.6714 ✓
        ArmA p3→p5  ratio=0.6857 ✓ ESCAPED
  seed=43 p3-base ratio=0.6807 ✓
        ArmA p3→p5  ratio=0.6865 ✓ ESCAPED
  seed=44 p3-base ratio=0.6147 ✗
        ArmA p3→p5  ratio=0.6562 ✓ ESCAPED
  seed=45 p3-base ratio=0.6883 ✓
        ArmA p3→p5  ratio=0.6861 ✓ ESCAPED
  seed=46 p3-base ratio=0.6929 ✓
        ArmA p3→p5  ratio=0.6913 ✓ ESCAPED
  seed=47 p3-base ratio=0.5906 ✗
        ArmA p3→p5  ratio=0.5972 ✗ trapped
  seed=48 p3-base ratio=0.6839 ✓
        ArmA p3→p5  ratio=0.6809 ✓ ESCAPED
  seed=49 p3-base ratio=0.6862 ✓
        ArmA p3→p5  ratio=0.6836 ✓ ESCAPED
  seed=50 p3-base ratio=0.6819 ✓
        ArmA p3→p5  ratio=0.6818 ✓ ESCAPED
  seed=51 p3-base ratio=0.6023 ✗
